<?xml version="1.0" encoding="UTF-8"?>
<!-- Generated by org.testng.reporters.JUnitReportReporter -->
<testsuite hostname="sushants-Air.attlocal.net" name="com.qa.furniture.test.FurnitureDelete" tests="1" failures="0" timestamp="16 Feb 2020 22:22:32 GMT" time="1.629" errors="0">
  <testcase name="deleteTest" time="1.629" classname="com.qa.furniture.test.FurnitureDelete"/>
</testsuite> <!-- com.qa.furniture.test.FurnitureDelete -->
