<?xml version="1.0" encoding="UTF-8"?>
<!-- Generated by org.testng.reporters.JUnitReportReporter -->
<testsuite hostname="sushants-MacBook-Air.local" name="com.qa.furniture.test.FurniturePut" tests="1" failures="0" timestamp="16 Feb 2020 04:07:29 GMT" time="2.175" errors="0">
  <testcase name="putTest" time="2.175" classname="com.qa.furniture.test.FurniturePut"/>
</testsuite> <!-- com.qa.furniture.test.FurniturePut -->
