<?xml version="1.0" encoding="UTF-8"?>
<!-- Generated by org.testng.reporters.JUnitReportReporter -->
<testsuite hostname="sushants-Air.attlocal.net" name="com.qa.furniture.test.PutProduct" tests="1" failures="0" timestamp="16 Feb 2020 22:22:32 GMT" time="0.165" errors="0">
  <testcase name="putProductTest" time="0.165" classname="com.qa.furniture.test.PutProduct"/>
</testsuite> <!-- com.qa.furniture.test.PutProduct -->
