<?xml version="1.0" encoding="UTF-8"?>
<!-- Generated by org.testng.reporters.JUnitReportReporter -->
<testsuite skipped="0" hostname="azstorageexp" name="com.qa.furniture.test.FurnitureGetTest" tests="1" failures="0" timestamp="18 Feb 2020 03:21:32 GMT" time="0.997" errors="0">
  <testcase name="getProductTest" time="0.997" classname="com.qa.furniture.test.FurnitureGetTest"/>
</testsuite> <!-- com.qa.furniture.test.FurnitureGetTest -->
