<?xml version="1.0" encoding="UTF-8"?>
<!-- Generated by org.testng.reporters.JUnitReportReporter -->
<testsuite skipped="0" hostname="azstorageexp" name="com.qa.furniture.test.FurniturePostTest" tests="1" failures="0" timestamp="18 Feb 2020 03:21:32 GMT" time="0.395" errors="0">
  <testcase name="postProductTest" time="0.395" classname="com.qa.furniture.test.FurniturePostTest"/>
</testsuite> <!-- com.qa.furniture.test.FurniturePostTest -->
